#
# A fatal error has been detected by the Java Runtime Environment:
#
#  EXCEPTION_ACCESS_VIOLATION (0xc0000005) at pc=0x00007ffb2123cac8, pid=27512, tid=35720
#
# JRE version: OpenJDK Runtime Environment Temurin-17.0.11+9 (17.0.11+9) (build 17.0.11+9)
# Java VM: OpenJDK 64-Bit Server VM Temurin-17.0.11+9 (17.0.11+9, mixed mode, tiered, compressed oops, compressed class ptrs, parallel gc, windows-amd64)
# Problematic frame:
# V  [jvm.dll+0xcac8]
#
# No core dump will be written. Minidumps are not enabled by default on client versions of Windows
#
# If you would like to submit a bug report, please visit:
#   https://github.com/adoptium/adoptium-support/issues
#

---------------  S U M M A R Y ------------

Command Line: --add-modules=ALL-SYSTEM --add-opens=java.base/java.util=ALL-UNNAMED --add-opens=java.base/java.lang=ALL-UNNAMED --add-opens=java.base/sun.nio.fs=ALL-UNNAMED -Declipse.application=org.eclipse.jdt.ls.core.id1 -Dosgi.bundles.defaultStartLevel=4 -Declipse.product=org.eclipse.jdt.ls.core.product -Djava.import.generatesMetadataFilesAtProjectRoot=false -DDetectVMInstallationsJob.disabled=true -Dfile.encoding=utf8 -XX:+UseParallelGC -XX:GCTimeRatio=4 -XX:AdaptiveSizePolicyWeight=90 -Dsun.zip.disableMemoryMapping=true -Xmx1G -Xms100m -Xlog:disable -javaagent:c:\Users\thamonuda\.vscode\extensions\redhat.java-1.32.0-win32-x64\lombok\lombok-1.18.33.jar -XX:+HeapDumpOnOutOfMemoryError -XX:HeapDumpPath=c:\Users\thamonuda\AppData\Roaming\Code\User\workspaceStorage\83c9ffc77e204da105a8394697f096d6\redhat.java -Daether.dependencyCollector.impl=bf c:\Users\thamonuda\.vscode\extensions\redhat.java-1.32.0-win32-x64\server\plugins\org.eclipse.equinox.launcher_1.6.900.v20240613-2009.jar -configuration c:\Users\thamonuda\AppData\Roaming\Code\User\globalStorage\redhat.java\1.32.0\config_win -data c:\Users\thamonuda\AppData\Roaming\Code\User\workspaceStorage\83c9ffc77e204da105a8394697f096d6\redhat.java\jdt_ws --pipe=\\.\pipe\lsp-b784cea4f749261cf1a4ab9ff3dd88fd-sock

Host: Intel(R) Core(TM) i5-8250U CPU @ 1.60GHz, 8 cores, 7G,  Windows 10 , 64 bit Build 19041 (10.0.19041.3636)
Time: Fri Jul 19 00:19:08 2024 Sri Lanka Standard Time elapsed time: 1371.643369 seconds (0d 0h 22m 51s)

---------------  T H R E A D  ---------------

Current thread (0x00000274601b99d0):  GCTaskThread "GC Thread#2" [stack: 0x000000d556200000,0x000000d556300000] [id=35720]

Stack: [0x000000d556200000,0x000000d556300000],  sp=0x000000d5562ffb08,  free space=1022k
Native frames: (J=compiled Java code, j=interpreted, Vv=VM code, C=native code)
V  [jvm.dll+0xcac8]


siginfo: EXCEPTION_ACCESS_VIOLATION (0xc0000005), reading address 0x0000000000000008


Registers:
RAX=0x0000000000000001, RBX=0x00000000c53743d0, RCX=0x0000000000000003, RDX=0x00000000c53743d0
RSP=0x000000d5562ffb08, RBP=0x0000027459e44960, RSI=0x00007ffb21be11c8, RDI=0x00000000c539aa18
R8 =0x0000000000000000, R9 =0x0000000000000001, R10=0x0000000000000001, R11=0x00000000c539aa08
R12=0x00000000000003d8, R13=0x000000d5562ffcf0, R14=0x00000000c539aa1c, R15=0x0000000000000000
RIP=0x00007ffb2123cac8, EFLAGS=0x0000000000010246


Register to memory mapping:

RIP=0x00007ffb2123cac8 jvm.dll
RAX=0x0000000000000001 is an unknown value
RBX=0x00000000c53743d0 is pointing into object: org.eclipse.jdt.internal.compiler.lookup.UnresolvedReferenceBinding 
{0x00000000c5374390} - klass: 'org/eclipse/jdt/internal/compiler/lookup/UnresolvedReferenceBinding'
 - ---- fields (total size 11 words):
 - public 'id' 'I' @12  2147483647 (7fffffff)
 - public 'tagBits' 'J' @16  0 (0 0)
 - public 'extendedTagBits' 'I' @24  0
 - protected 'typeAnnotations' '[Lorg/eclipse/jdt/internal/compiler/lookup/AnnotationBinding;' @28  a 'org/eclipse/jdt/internal/compiler/lookup/AnnotationBinding'[0] {0x00000000c0b5dec0} (c0b5dec0)
 - public 'modifiers' 'I' @32  0
 - 'typeBits' 'I' @36  0
 - public 'compoundName' '[[C' @40  a {type array char}[4] {0x00000000c53743e8} (c53743e8)
 - public 'sourceName' '[C' @44  [C{0x00000000c5364d98} (c5364d98)
 - public 'fPackage' 'Lorg/eclipse/jdt/internal/compiler/lookup/PackageBinding;' @48  a 'org/eclipse/jdt/internal/compiler/lookup/PlainPackageBinding'{0x00000000c5364a30} (c5364a30)
 - 'fileName' '[C' @52  NULL (0)
 - 'constantPoolName' '[C' @56  NULL (0)
 - 'signature' '[C' @60  NULL (0)
 - private 'compatibleCache' 'Lorg/eclipse/jdt/internal/compiler/util/SimpleLookupTable;' @64  NULL (0)
 - protected 'singleAbstractMethod' '[Lorg/eclipse/jdt/internal/compiler/lookup/MethodBinding;' @68  NULL (0)
 - 'resolvedType' 'Lorg/eclipse/jdt/internal/compiler/lookup/ReferenceBinding;' @72  NULL (0)
 - 'wrappers' '[Lorg/eclipse/jdt/internal/compiler/lookup/TypeBinding;' @76  NULL (0)
 - 'prototype' 'Lorg/eclipse/jdt/internal/compiler/lookup/UnresolvedReferenceBinding;' @80  a 'org/eclipse/jdt/internal/compiler/lookup/UnresolvedReferenceBinding'{0x00000000c5374390} (c5374390)
 - 'requestingType' 'Lorg/eclipse/jdt/internal/compiler/lookup/ReferenceBinding;' @84  a 'org/eclipse/jdt/internal/compiler/lookup/BinaryTypeBinding'{0x00000000c5331e58} (c5331e58)
RCX=0x0000000000000003 is an unknown value
RDX=0x00000000c53743d0 is pointing into object: org.eclipse.jdt.internal.compiler.lookup.UnresolvedReferenceBinding 
{0x00000000c5374390} - klass: 'org/eclipse/jdt/internal/compiler/lookup/UnresolvedReferenceBinding'
 - ---- fields (total size 11 words):
 - public 'id' 'I' @12  2147483647 (7fffffff)
 - public 'tagBits' 'J' @16  0 (0 0)
 - public 'extendedTagBits' 'I' @24  0
 - protected 'typeAnnotations' '[Lorg/eclipse/jdt/internal/compiler/lookup/AnnotationBinding;' @28  a 'org/eclipse/jdt/internal/compiler/lookup/AnnotationBinding'[0] {0x00000000c0b5dec0} (c0b5dec0)
 - public 'modifiers' 'I' @32  0
 - 'typeBits' 'I' @36  0
 - public 'compoundName' '[[C' @40  a {type array char}[4] {0x00000000c53743e8} (c53743e8)
 - public 'sourceName' '[C' @44  [C{0x00000000c5364d98} (c5364d98)
 - public 'fPackage' 'Lorg/eclipse/jdt/internal/compiler/lookup/PackageBinding;' @48  a 'org/eclipse/jdt/internal/compiler/lookup/PlainPackageBinding'{0x00000000c5364a30} (c5364a30)
 - 'fileName' '[C' @52  NULL (0)
 - 'constantPoolName' '[C' @56  NULL (0)
 - 'signature' '[C' @60  NULL (0)
 - private 'compatibleCache' 'Lorg/eclipse/jdt/internal/compiler/util/SimpleLookupTable;' @64  NULL (0)
 - protected 'singleAbstractMethod' '[Lorg/eclipse/jdt/internal/compiler/lookup/MethodBinding;' @68  NULL (0)
 - 'resolvedType' 'Lorg/eclipse/jdt/internal/compiler/lookup/ReferenceBinding;' @72  NULL (0)
 - 'wrappers' '[Lorg/eclipse/jdt/internal/compiler/lookup/TypeBinding;' @76  NULL (0)
 - 'prototype' 'Lorg/eclipse/jdt/internal/compiler/lookup/UnresolvedReferenceBinding;' @80  a 'org/eclipse/jdt/internal/compiler/lookup/UnresolvedReferenceBinding'{0x00000000c5374390} (c5374390)
 - 'requestingType' 'Lorg/eclipse/jdt/internal/compiler/lookup/ReferenceBinding;' @84  a 'org/eclipse/jdt/internal/compiler/lookup/BinaryTypeBinding'{0x00000000c5331e58} (c5331e58)
RSP=0x000000d5562ffb08 points into unknown readable memory: 0x00007ffb218e0428 | 28 04 8e 21 fb 7f 00 00
RBP=0x0000027459e44960 points into unknown readable memory: 0x000002744609f5f0 | f0 f5 09 46 74 02 00 00
RSI=0x00007ffb21be11c8 jvm.dll
RDI=0x00000000c539aa18 is pointing into object: [Lorg.eclipse.jdt.internal.compiler.lookup.TypeBinding; 
{0x00000000c539aa08} - klass: 'org/eclipse/jdt/internal/compiler/lookup/TypeBinding'[]
 - length: 1
R8 =0x0 is NULL
R9 =0x0000000000000001 is an unknown value
R10=0x0000000000000001 is an unknown value
R11=0x00000000c539aa08 is an oop: [Lorg.eclipse.jdt.internal.compiler.lookup.TypeBinding; 
{0x00000000c539aa08} - klass: 'org/eclipse/jdt/internal/compiler/lookup/TypeBinding'[]
 - length: 1
R12=0x00000000000003d8 is an unknown value
R13=0x000000d5562ffcf0 points into unknown readable memory: 0x00007ffb21be1bc0 | c0 1b be 21 fb 7f 00 00
R14=0x00000000c539aa1c is pointing into object: [Lorg.eclipse.jdt.internal.compiler.lookup.TypeBinding; 
{0x00000000c539aa08} - klass: 'org/eclipse/jdt/internal/compiler/lookup/TypeBinding'[]
 - length: 1
R15=0x0 is NULL


Top of Stack: (sp=0x000000d5562ffb08)
0x000000d5562ffb08:   00007ffb218e0428 00000000c528a7e8
0x000000d5562ffb18:   00000000c528a7bc 0000000000000000
0x000000d5562ffb28:   00007ffb21d5c7c0 00007ffb21d5c7c0
0x000000d5562ffb38:   00007ffb218e0763 0000027459e44960
0x000000d5562ffb48:   00007ffb21b4bb80 00007ffb21be11c8
0x000000d5562ffb58:   0000000000000cd5 0000000000000000
0x000000d5562ffb68:   0000000000000000 0000027461e88b80
0x000000d5562ffb78:   00007ffb21a10001 000000d5562ffc01
0x000000d5562ffb88:   0000000000000000 00007ffb21b4bb80
0x000000d5562ffb98:   0000027445ffdd40 0000027400000003
0x000000d5562ffba8:   0000027459e44960 0000000000000000
0x000000d5562ffbb8:   0000000000000000 0000027461e88b80
0x000000d5562ffbc8:   000002745f361ad8 0000027460899370
0x000000d5562ffbd8:   000002745f361700 000002745f3616f0
0x000000d5562ffbe8:   00007ffb218e5318 0000027459e44960
0x000000d5562ffbf8:   000002745f3616f0 000002745f361700
0x000000d5562ffc08:   0000027459e44960 00007ffb21be19b8
0x000000d5562ffc18:   0000027459e44960 00007ffb21b84b10
0x000000d5562ffc28:   000000d5562ffc10 0000000000000000
0x000000d5562ffc38:   0000000000000086 0000000000000006
0x000000d5562ffc48:   0000000000000001 00007ffb21be19b8
0x000000d5562ffc58:   000000d5554fef20 0000027461b5e618
0x000000d5562ffc68:   00007ffb21a18338 0000000000000fc9
0x000000d5562ffc78:   0000027461b5e650 000000d5562ffcf0
0x000000d5562ffc88:   0000000000000000 000000d5554ff060
0x000000d5562ffc98:   00007ffb218e9d0d 0000000000000000
0x000000d5562ffca8:   000000d5562ffd20 00000274601b99d0
0x000000d5562ffcb8:   000000d5554fef20 000000d5554ff2c0
0x000000d5562ffcc8:   000002745f3616f0 0000000600000002
0x000000d5562ffcd8:   000000d5554fef20 0000000700000000
0x000000d5562ffce8:   00000003318a8e15 00007ffb21be1bc0
0x000000d5562ffcf8:   0000000000000006 0000000000000000 

Instructions: (pc=0x00007ffb2123cac8)
0x00007ffb2123c9c8:   48 83 c4 20 5e c3 cc cc 48 8b 01 c3 cc cc cc cc
0x00007ffb2123c9d8:   cc cc cc cc cc cc cc cc 4c 8b 01 4c 8b c9 48 8b
0x00007ffb2123c9e8:   0d 23 61 b6 00 ba 44 60 08 00 e9 d9 f1 ff ff cc
0x00007ffb2123c9f8:   cc cc cc cc cc cc cc cc 48 89 5c 24 08 57 48 83
0x00007ffb2123ca08:   ec 20 48 8b 39 48 8b d9 48 85 3d 41 4a bb 00 75
0x00007ffb2123ca18:   0e 48 8b c7 48 8b 5c 24 30 48 83 c4 20 5f c3 48
0x00007ffb2123ca28:   8b cf e8 f1 99 85 00 48 8b d0 48 85 c0 74 20 48
0x00007ffb2123ca38:   8b c7 f0 48 0f b1 13 74 16 48 85 05 10 4a bb 00
0x00007ffb2123ca48:   74 0d 48 8b c8 f0 48 0f b1 13 48 3b c1 75 ea 48
0x00007ffb2123ca58:   8b 5c 24 30 48 8b c2 48 83 c4 20 5f c3 cc cc cc
0x00007ffb2123ca68:   cc cc cc cc cc cc cc cc 4c 8b 01 4c 8b c9 48 8b
0x00007ffb2123ca78:   0d 93 60 b6 00 ba 64 60 08 00 e9 49 f1 ff ff cc
0x00007ffb2123ca88:   cc cc cc cc cc cc cc cc 8b 05 62 a8 b0 00 c3 cc
0x00007ffb2123ca98:   cc cc cc cc cc cc cc cc 0f b6 05 c0 68 b7 00 48
0x00007ffb2123caa8:   8b d1 84 c0 74 16 44 8b 41 08 8b 0d 40 a8 b0 00
0x00007ffb2123cab8:   49 d3 e0 4c 03 05 2e a8 b0 00 eb 04 4c 8b 41 08
0x00007ffb2123cac8:   45 8b 50 08 45 85 d2 7e 0e 41 f6 c2 01 75 53 41
0x00007ffb2123cad8:   c1 fa 03 41 8b c2 c3 79 49 84 c0 b9 10 00 00 00
0x00007ffb2123cae8:   8b 05 46 b7 b0 00 41 b8 0c 00 00 00 41 0f 45 c8
0x00007ffb2123caf8:   ff c8 4c 63 c8 48 63 14 11 41 8b ca 83 e1 3f 48
0x00007ffb2123cb08:   d3 e2 41 8b ca 48 c1 f9 10 0f b6 c1 49 8d 0c 11
0x00007ffb2123cb18:   49 f7 d1 48 03 c1 49 c1 e9 03 48 c1 e8 03 41 23
0x00007ffb2123cb28:   c1 c3 49 8b 00 49 8b c8 48 ff a0 00 01 00 00 cc
0x00007ffb2123cb38:   cc cc cc cc cc cc cc cc 8b 44 24 30 45 03 c9 44
0x00007ffb2123cb48:   2b 4c 24 28 83 c0 0b 44 03 ca 45 03 c8 41 03 c1
0x00007ffb2123cb58:   c3 cc cc cc cc cc cc cc 4c 8b ca 48 8b d1 45 8b
0x00007ffb2123cb68:   41 08 45 85 c0 7e 0e 41 f6 c0 01 75 56 41 c1 f8
0x00007ffb2123cb78:   03 41 8b c0 c3 79 4c 80 3d e1 67 b7 00 00 b8 0c
0x00007ffb2123cb88:   00 00 00 b9 10 00 00 00 0f 45 c8 8b 05 9b b6 b0
0x00007ffb2123cb98:   00 ff c8 4c 63 c8 48 63 14 11 41 8b c8 83 e1 3f
0x00007ffb2123cba8:   48 d3 e2 41 8b c8 48 c1 f9 10 0f b6 c1 49 8d 0c
0x00007ffb2123cbb8:   11 49 f7 d1 48 03 c1 49 c1 e9 03 48 c1 e8 03 41 


Stack slot to memory mapping:
stack at sp + 0 slots: 0x00007ffb218e0428 jvm.dll
stack at sp + 1 slots: 0x00000000c528a7e8 is an oop: [C 
{0x00000000c528a7e8} - klass: {type array char}
 - length: 4
stack at sp + 2 slots: 0x00000000c528a7bc is pointing into object: [[C 
{0x00000000c528a7a8} - klass: {type array char}[]
 - length: 3
stack at sp + 3 slots: 0x0 is NULL
stack at sp + 4 slots: 0x00007ffb21d5c7c0 jvm.dll
stack at sp + 5 slots: 0x00007ffb21d5c7c0 jvm.dll
stack at sp + 6 slots: 0x00007ffb218e0763 jvm.dll
stack at sp + 7 slots: 0x0000027459e44960 points into unknown readable memory: 0x000002744609f5f0 | f0 f5 09 46 74 02 00 00


---------------  P R O C E S S  ---------------

Threads class SMR info:
_java_thread_list=0x000002746075e540, length=46, elements={
0x0000027445ff1bc0, 0x00000274460a3d60, 0x00000274460a8420, 0x000002745f179030,
0x000002745f179eb0, 0x000002745f17b4d0, 0x000002745f17dae0, 0x000002745f184020,
0x0000027459e8dfc0, 0x000002745f18f150, 0x000002745f272fe0, 0x000002745f4debf0,
0x00000274608f2220, 0x0000027460a407e0, 0x0000027460581580, 0x00000274609fd9d0,
0x0000027460b0f320, 0x00000274609cbca0, 0x00000274609cb790, 0x00000274609cdb00,
0x00000274609ce010, 0x00000274609ce520, 0x00000274609cad70, 0x000002746ac0d990,
0x000002746ac0ca60, 0x000002746ac092b0, 0x000002746ac0f2e0, 0x000002746ac09cd0,
0x000002746ac097c0, 0x000002746ac08da0, 0x000002746ac0c040, 0x000002746ac0ac00,
0x000002746ac0edd0, 0x000002746ac0b620, 0x000002746ac0a6f0, 0x000002746ac0b110,
0x000002746ac0f7f0, 0x000002746ac0fd00, 0x0000027461e87740, 0x0000027461e88b80,
0x000002746ac0a1e0, 0x000002746ac0e3b0, 0x000002746ac0c550, 0x0000027461e84ec0,
0x0000027461e85df0, 0x0000027461e86d20
}

Java Threads: ( => current thread )
  0x0000027445ff1bc0 JavaThread "main" [_thread_blocked, id=33728, stack(0x000000d555200000,0x000000d555300000)]
  0x00000274460a3d60 JavaThread "Reference Handler" daemon [_thread_blocked, id=34812, stack(0x000000d555500000,0x000000d555600000)]
  0x00000274460a8420 JavaThread "Finalizer" daemon [_thread_blocked, id=36436, stack(0x000000d555600000,0x000000d555700000)]
  0x000002745f179030 JavaThread "Signal Dispatcher" daemon [_thread_blocked, id=10548, stack(0x000000d555700000,0x000000d555800000)]
  0x000002745f179eb0 JavaThread "Attach Listener" daemon [_thread_blocked, id=35676, stack(0x000000d555800000,0x000000d555900000)]
  0x000002745f17b4d0 JavaThread "Service Thread" daemon [_thread_blocked, id=18712, stack(0x000000d555900000,0x000000d555a00000)]
  0x000002745f17dae0 JavaThread "Monitor Deflation Thread" daemon [_thread_blocked, id=34448, stack(0x000000d555a00000,0x000000d555b00000)]
  0x000002745f184020 JavaThread "C2 CompilerThread0" daemon [_thread_blocked, id=25872, stack(0x000000d555b00000,0x000000d555c00000)]
  0x0000027459e8dfc0 JavaThread "C1 CompilerThread0" daemon [_thread_blocked, id=35544, stack(0x000000d555c00000,0x000000d555d00000)]
  0x000002745f18f150 JavaThread "Sweeper thread" daemon [_thread_blocked, id=12408, stack(0x000000d555d00000,0x000000d555e00000)]
  0x000002745f272fe0 JavaThread "Common-Cleaner" daemon [_thread_blocked, id=29744, stack(0x000000d555e00000,0x000000d555f00000)]
  0x000002745f4debf0 JavaThread "Notification Thread" daemon [_thread_blocked, id=29176, stack(0x000000d556000000,0x000000d556100000)]
  0x00000274608f2220 JavaThread "Active Thread: Equinox Container: 0d343238-7315-4836-b796-3c84e446c9dd" [_thread_blocked, id=31100, stack(0x000000d556800000,0x000000d556900000)]
  0x0000027460a407e0 JavaThread "Framework Event Dispatcher: Equinox Container: 0d343238-7315-4836-b796-3c84e446c9dd" daemon [_thread_blocked, id=35776, stack(0x000000d556700000,0x000000d556800000)]
  0x0000027460581580 JavaThread "Start Level: Equinox Container: 0d343238-7315-4836-b796-3c84e446c9dd" daemon [_thread_blocked, id=17952, stack(0x000000d556900000,0x000000d556a00000)]
  0x00000274609fd9d0 JavaThread "Bundle File Closer" daemon [_thread_blocked, id=29584, stack(0x000000d556d00000,0x000000d556e00000)]
  0x0000027460b0f320 JavaThread "SCR Component Actor" daemon [_thread_blocked, id=29284, stack(0x000000d556b00000,0x000000d556c00000)]
  0x00000274609cbca0 JavaThread "Worker-JM" [_thread_blocked, id=37920, stack(0x000000d556f00000,0x000000d557000000)]
  0x00000274609cb790 JavaThread "Java indexing" daemon [_thread_blocked, id=31196, stack(0x000000d557400000,0x000000d557500000)]
  0x00000274609cdb00 JavaThread "JNA Cleaner" daemon [_thread_blocked, id=5800, stack(0x000000d557600000,0x000000d557700000)]
  0x00000274609ce010 JavaThread "Thread-2" daemon [_thread_in_native, id=27344, stack(0x000000d557900000,0x000000d557a00000)]
  0x00000274609ce520 JavaThread "Thread-3" daemon [_thread_in_native, id=25312, stack(0x000000d557a00000,0x000000d557b00000)]
  0x00000274609cad70 JavaThread "Thread-4" daemon [_thread_in_native, id=31112, stack(0x000000d557b00000,0x000000d557c00000)]
  0x000002746ac0d990 JavaThread "Thread-5" daemon [_thread_in_native, id=35384, stack(0x000000d557c00000,0x000000d557d00000)]
  0x000002746ac0ca60 JavaThread "Thread-6" daemon [_thread_in_native, id=31228, stack(0x000000d557d00000,0x000000d557e00000)]
  0x000002746ac092b0 JavaThread "Thread-7" daemon [_thread_in_native, id=36064, stack(0x000000d557e00000,0x000000d557f00000)]
  0x000002746ac0f2e0 JavaThread "Thread-8" daemon [_thread_in_native, id=32064, stack(0x000000d557f00000,0x000000d558000000)]
  0x000002746ac09cd0 JavaThread "Thread-9" daemon [_thread_in_native, id=28488, stack(0x000000d558000000,0x000000d558100000)]
  0x000002746ac097c0 JavaThread "Thread-10" daemon [_thread_in_native, id=28124, stack(0x000000d558100000,0x000000d558200000)]
  0x000002746ac08da0 JavaThread "pool-2-thread-1" [_thread_blocked, id=38072, stack(0x000000d558200000,0x000000d558300000)]
  0x000002746ac0c040 JavaThread "WorkspaceEventsHandler" [_thread_blocked, id=36968, stack(0x000000d558300000,0x000000d558400000)]
  0x000002746ac0ac00 JavaThread "pool-1-thread-1" [_thread_blocked, id=11568, stack(0x000000d558400000,0x000000d558500000)]
  0x000002746ac0edd0 JavaThread "ForkJoinPool.commonPool-worker-2" daemon [_thread_blocked, id=38272, stack(0x000000d556c00000,0x000000d556d00000)]
  0x000002746ac0b620 JavaThread "ForkJoinPool.commonPool-worker-3" daemon [_thread_blocked, id=16928, stack(0x000000d558800000,0x000000d558900000)]
  0x000002746ac0a6f0 JavaThread "ForkJoinPool.commonPool-worker-4" daemon [_thread_blocked, id=35932, stack(0x000000d558900000,0x000000d558a00000)]
  0x000002746ac0b110 JavaThread "ForkJoinPool.commonPool-worker-5" daemon [_thread_blocked, id=37404, stack(0x000000d558a00000,0x000000d558b00000)]
  0x000002746ac0f7f0 JavaThread "ForkJoinPool.commonPool-worker-6" daemon [_thread_blocked, id=26580, stack(0x000000d558b00000,0x000000d558c00000)]
  0x000002746ac0fd00 JavaThread "ForkJoinPool.commonPool-worker-7" daemon [_thread_blocked, id=36036, stack(0x000000d558c00000,0x000000d558d00000)]
  0x0000027461e87740 JavaThread "Cleaner-0" daemon [_thread_blocked, id=30556, stack(0x000000d558d00000,0x000000d558e00000)]
  0x0000027461e88b80 JavaThread "ForkJoinPool.commonPool-worker-8" daemon [_thread_blocked, id=30992, stack(0x000000d555000000,0x000000d555100000)]
  0x000002746ac0a1e0 JavaThread "Worker-10" [_thread_blocked, id=34056, stack(0x000000d555100000,0x000000d555200000)]
  0x000002746ac0e3b0 JavaThread "Worker-12" [_thread_blocked, id=38380, stack(0x000000d556e00000,0x000000d556f00000)]
  0x000002746ac0c550 JavaThread "Worker-13" [_thread_blocked, id=32076, stack(0x000000d554f00000,0x000000d555000000)]
  0x0000027461e84ec0 JavaThread "Java Debug Server" daemon [_thread_in_native, id=27112, stack(0x000000d557100000,0x000000d557200000)]
  0x0000027461e85df0 JavaThread "RxSchedulerPurge-1" daemon [_thread_blocked, id=37344, stack(0x000000d557500000,0x000000d557600000)]
  0x0000027461e86d20 JavaThread "RxCachedWorkerPoolEvictor-1" daemon [_thread_blocked, id=36824, stack(0x000000d557700000,0x000000d557800000)]

Other Threads:
  0x000002745f140c20 VMThread "VM Thread" [stack: 0x000000d555400000,0x000000d555500000] [id=30652]
  0x000002745f4f5620 WatcherThread [stack: 0x000000d556100000,0x000000d556200000] [id=30616]
  0x0000027446006c40 GCTaskThread "GC Thread#0" [stack: 0x000000d555300000,0x000000d555400000] [id=34948]
  0x00000274601b9450 GCTaskThread "GC Thread#1" [stack: 0x000000d555f00000,0x000000d556000000] [id=37076]
=>0x00000274601b99d0 GCTaskThread "GC Thread#2" [stack: 0x000000d556200000,0x000000d556300000] [id=35720]
  0x00000274601b9190 GCTaskThread "GC Thread#3" [stack: 0x000000d556300000,0x000000d556400000] [id=28120]
  0x00000274601b8690 GCTaskThread "GC Thread#4" [stack: 0x000000d556400000,0x000000d556500000] [id=37320]
  0x00000274601b8c10 GCTaskThread "GC Thread#5" [stack: 0x000000d556500000,0x000000d556600000] [id=1704]
  0x00000274601b9710 GCTaskThread "GC Thread#6" [stack: 0x000000d556600000,0x000000d556700000] [id=37224]
  0x00000274601b9c90 GCTaskThread "GC Thread#7" [stack: 0x000000d556a00000,0x000000d556b00000] [id=30988]

Threads with active compile tasks:

VM state: at safepoint (normal execution)

VM Mutex/Monitor currently owned by a thread:  ([mutex/lock_event])
[0x0000027445fee1f0] Threads_lock - owner thread: 0x000002745f140c20
[0x0000027445fedbc0] Heap_lock - owner thread: 0x000002746ac0b620

Heap address: 0x00000000c0000000, size: 1024 MB, Compressed Oops mode: 32-bit

CDS archive(s) not mapped
Compressed class space mapped at: 0x0000000100000000-0x0000000140000000, reserved size: 1073741824
Narrow klass base: 0x0000000000000000, Narrow klass shift: 3, Narrow klass range: 0x140000000

GC Precious Log:
 CPUs: 8 total, 8 available
 Memory: 8083M
 Large Page Support: Disabled
 NUMA Support: Disabled
 Compressed Oops: Enabled (32-bit)
 Alignments: Space 512K, Generation 512K, Heap 2M
 Heap Min Capacity: 100M
 Heap Initial Capacity: 100M
 Heap Max Capacity: 1G
 Pre-touch: Disabled
 Parallel Workers: 8

Heap:
 PSYoungGen      total 4096K, used 1632K [0x00000000eab00000, 0x00000000eb200000, 0x0000000100000000)
  eden space 2048K, 0% used [0x00000000eab00000,0x00000000eab00000,0x00000000ead00000)
  from space 2048K, 79% used [0x00000000eb000000,0x00000000eb198000,0x00000000eb200000)
  to   space 2560K, 0% used [0x00000000ead00000,0x00000000ead00000,0x00000000eaf80000)
 ParOldGen       total 93696K, used 92483K [0x00000000c0000000, 0x00000000c5b80000, 0x00000000eab00000)
  object space 93696K, 98% used [0x00000000c0000000,0x00000000c5a50f58,0x00000000c5b80000)
 Metaspace       used 99222K, committed 100544K, reserved 1179648K
  class space    used 10112K, committed 10752K, reserved 1048576K

Card table byte_map: [0x00000274459c0000,0x0000027445bd0000] _byte_map_base: 0x00000274453c0000

Marking Bits: (ParMarkBitMap*) 0x00007ffb21dcd820
 Begin Bits: [0x0000027457c90000, 0x0000027458c90000)
 End Bits:   [0x0000027458c90000, 0x0000027459c90000)

Polling page: 0x00000274457b0000

Metaspace:

Usage:
  Non-class:     87.02 MB used.
      Class:      9.88 MB used.
       Both:     96.90 MB used.

Virtual space:
  Non-class space:      128.00 MB reserved,      87.69 MB ( 69%) committed,  2 nodes.
      Class space:        1.00 GB reserved,      10.50 MB (  1%) committed,  1 nodes.
             Both:        1.12 GB reserved,      98.19 MB (  9%) committed. 

Chunk freelists:
   Non-Class:  8.32 MB
       Class:  5.41 MB
        Both:  13.72 MB

MaxMetaspaceSize: unlimited
CompressedClassSpaceSize: 1.00 GB
Initial GC threshold: 21.00 MB
Current GC threshold: 163.44 MB
CDS: off
MetaspaceReclaimPolicy: balanced
 - commit_granule_bytes: 65536.
 - commit_granule_words: 8192.
 - virtual_space_node_default_size: 8388608.
 - enlarge_chunks_in_place: 1.
 - new_chunks_are_fully_committed: 0.
 - uncommit_free_chunks: 1.
 - use_allocation_guard: 0.
 - handle_deallocations: 1.


Internal statistics:

num_allocs_failed_limit: 11.
num_arena_births: 1150.
num_arena_deaths: 214.
num_vsnodes_births: 3.
num_vsnodes_deaths: 0.
num_space_committed: 1571.
num_space_uncommitted: 0.
num_chunks_returned_to_freelist: 251.
num_chunks_taken_from_freelist: 5561.
num_chunk_merges: 91.
num_chunk_splits: 3250.
num_chunks_enlarged: 1725.
num_inconsistent_stats: 0.

CodeHeap 'non-profiled nmethods': size=120000Kb used=18948Kb max_used=18948Kb free=101051Kb
 bounds [0x0000027450760000, 0x00000274519f0000, 0x0000027457c90000]
CodeHeap 'profiled nmethods': size=120000Kb used=39063Kb max_used=39063Kb free=80936Kb
 bounds [0x0000027448c90000, 0x000002744b2d0000, 0x00000274501c0000]
CodeHeap 'non-nmethods': size=5760Kb used=1466Kb max_used=1559Kb free=4293Kb
 bounds [0x00000274501c0000, 0x0000027450430000, 0x0000027450760000]
 total_blobs=18088 nmethods=17261 adapters=735
 compilation: enabled
              stopped_count=0, restarted_count=0
 full_count=0

Compilation events (20 events):
Event: 1369.934 Thread 0x000002745f184020 24191   !   4       org.eclipse.jdt.internal.compiler.parser.Parser::dietParse (63 bytes)
Event: 1369.935 Thread 0x000002745f184020 nmethod 24191 0x00000274519dfe90 code [0x00000274519e0000, 0x00000274519e00f8]
Event: 1370.309 Thread 0x0000027459e8dfc0 24192       3       java.util.concurrent.locks.AbstractQueuedSynchronizer$ConditionObject::awaitNanos (200 bytes)
Event: 1370.310 Thread 0x0000027459e8dfc0 nmethod 24192 0x000002744b2b8e10 code [0x000002744b2b90e0, 0x000002744b2b9eb8]
Event: 1371.476 Thread 0x0000027459e8dfc0 24193       3       org.eclipse.jdt.internal.compiler.lookup.Scope::tagAsAccessingEnclosingInstanceStateOf (304 bytes)
Event: 1371.477 Thread 0x000002745f184020 24194       4       org.eclipse.jdt.internal.compiler.flow.UnconditionalFlowInfo::markAsDefinitelyAssigned (21 bytes)
Event: 1371.478 Thread 0x0000027459e8dfc0 nmethod 24193 0x000002744b2ba490 code [0x000002744b2ba860, 0x000002744b2bd0e8]
Event: 1371.478 Thread 0x000002745f184020 nmethod 24194 0x00000274519e0210 code [0x00000274519e0380, 0x00000274519e0458]
Event: 1371.478 Thread 0x000002745f184020 24195       4       org.eclipse.jdt.core.dom.ASTVisitor::endVisit (1 bytes)
Event: 1371.479 Thread 0x000002745f184020 nmethod 24195 0x00000274519e0590 code [0x00000274519e0700, 0x00000274519e0778]
Event: 1371.568 Thread 0x0000027459e8dfc0 24196       3       com.google.gson.internal.bind.TypeAdapters$28::write (256 bytes)
Event: 1371.570 Thread 0x0000027459e8dfc0 nmethod 24196 0x000002744b2bda90 code [0x000002744b2bdfc0, 0x000002744b2c0ff8]
Event: 1371.571 Thread 0x0000027459e8dfc0 24197       3       org.eclipse.jdt.internal.core.util.PublicScanner::getSource (8 bytes)
Event: 1371.571 Thread 0x0000027459e8dfc0 nmethod 24197 0x000002744b2c1b90 code [0x000002744b2c1d20, 0x000002744b2c1ed8]
Event: 1371.571 Thread 0x0000027459e8dfc0 24198       3       org.eclipse.jdt.internal.corext.refactoring.code.flow.InputFlowAnalyzer::endVisit (6 bytes)
Event: 1371.571 Thread 0x0000027459e8dfc0 nmethod 24198 0x000002744b2c1f90 code [0x000002744b2c2140, 0x000002744b2c2308]
Event: 1371.572 Thread 0x0000027459e8dfc0 24199       3       org.eclipse.jdt.internal.corext.codemanipulation.ContextSensitiveImportRewriteContext::isConflicting (44 bytes)
Event: 1371.572 Thread 0x0000027459e8dfc0 nmethod 24199 0x000002744b2c2410 code [0x000002744b2c2640, 0x000002744b2c2cd8]
Event: 1371.574 Thread 0x000002745f184020 24200       4       org.eclipse.jdt.core.dom.TypeBinding::getTypeDeclaration (43 bytes)
Event: 1371.577 Thread 0x000002745f184020 nmethod 24200 0x00000274519e0890 code [0x00000274519e0a40, 0x00000274519e1058]

GC Heap History (20 events):
Event: 1371.171 GC heap after
{Heap after GC invocations=3924 (full 106):
 PSYoungGen      total 3072K, used 192K [0x00000000eab00000, 0x00000000eaf80000, 0x0000000100000000)
  eden space 2560K, 0% used [0x00000000eab00000,0x00000000eab00000,0x00000000ead80000)
  from space 512K, 37% used [0x00000000eae80000,0x00000000eaeb0000,0x00000000eaf00000)
  to   space 512K, 0% used [0x00000000eaf00000,0x00000000eaf00000,0x00000000eaf80000)
 ParOldGen       total 93696K, used 84431K [0x00000000c0000000, 0x00000000c5b80000, 0x00000000eab00000)
  object space 93696K, 90% used [0x00000000c0000000,0x00000000c5273e90,0x00000000c5b80000)
 Metaspace       used 99221K, committed 100544K, reserved 1179648K
  class space    used 10112K, committed 10752K, reserved 1048576K
}
Event: 1371.473 GC heap before
{Heap before GC invocations=3925 (full 106):
 PSYoungGen      total 3072K, used 2752K [0x00000000eab00000, 0x00000000eaf80000, 0x0000000100000000)
  eden space 2560K, 100% used [0x00000000eab00000,0x00000000ead80000,0x00000000ead80000)
  from space 512K, 37% used [0x00000000eae80000,0x00000000eaeb0000,0x00000000eaf00000)
  to   space 512K, 0% used [0x00000000eaf00000,0x00000000eaf00000,0x00000000eaf80000)
 ParOldGen       total 93696K, used 84431K [0x00000000c0000000, 0x00000000c5b80000, 0x00000000eab00000)
  object space 93696K, 90% used [0x00000000c0000000,0x00000000c5273e90,0x00000000c5b80000)
 Metaspace       used 99221K, committed 100544K, reserved 1179648K
  class space    used 10112K, committed 10752K, reserved 1048576K
}
Event: 1371.474 GC heap after
{Heap after GC invocations=3925 (full 106):
 PSYoungGen      total 3072K, used 480K [0x00000000eab00000, 0x00000000eaf80000, 0x0000000100000000)
  eden space 2560K, 0% used [0x00000000eab00000,0x00000000eab00000,0x00000000ead80000)
  from space 512K, 93% used [0x00000000eaf00000,0x00000000eaf78020,0x00000000eaf80000)
  to   space 1024K, 0% used [0x00000000ead80000,0x00000000ead80000,0x00000000eae80000)
 ParOldGen       total 93696K, used 84711K [0x00000000c0000000, 0x00000000c5b80000, 0x00000000eab00000)
  object space 93696K, 90% used [0x00000000c0000000,0x00000000c52b9eb0,0x00000000c5b80000)
 Metaspace       used 99221K, committed 100544K, reserved 1179648K
  class space    used 10112K, committed 10752K, reserved 1048576K
}
Event: 1371.572 GC heap before
{Heap before GC invocations=3926 (full 106):
 PSYoungGen      total 3072K, used 3040K [0x00000000eab00000, 0x00000000eaf80000, 0x0000000100000000)
  eden space 2560K, 99% used [0x00000000eab00000,0x00000000ead7fff8,0x00000000ead80000)
  from space 512K, 93% used [0x00000000eaf00000,0x00000000eaf78020,0x00000000eaf80000)
  to   space 1024K, 0% used [0x00000000ead80000,0x00000000ead80000,0x00000000eae80000)
 ParOldGen       total 93696K, used 84711K [0x00000000c0000000, 0x00000000c5b80000, 0x00000000eab00000)
  object space 93696K, 90% used [0x00000000c0000000,0x00000000c52b9eb0,0x00000000c5b80000)
 Metaspace       used 99222K, committed 100544K, reserved 1179648K
  class space    used 10112K, committed 10752K, reserved 1048576K
}
Event: 1371.573 GC heap after
{Heap after GC invocations=3926 (full 106):
 PSYoungGen      total 3584K, used 768K [0x00000000eab00000, 0x00000000eaf80000, 0x0000000100000000)
  eden space 2560K, 0% used [0x00000000eab00000,0x00000000eab00000,0x00000000ead80000)
  from space 1024K, 75% used [0x00000000ead80000,0x00000000eae40020,0x00000000eae80000)
  to   space 1024K, 0% used [0x00000000eae80000,0x00000000eae80000,0x00000000eaf80000)
 ParOldGen       total 93696K, used 85185K [0x00000000c0000000, 0x00000000c5b80000, 0x00000000eab00000)
  object space 93696K, 90% used [0x00000000c0000000,0x00000000c53307d0,0x00000000c5b80000)
 Metaspace       used 99222K, committed 100544K, reserved 1179648K
  class space    used 10112K, committed 10752K, reserved 1048576K
}
Event: 1371.579 GC heap before
{Heap before GC invocations=3927 (full 106):
 PSYoungGen      total 3584K, used 3327K [0x00000000eab00000, 0x00000000eaf80000, 0x0000000100000000)
  eden space 2560K, 99% used [0x00000000eab00000,0x00000000ead7ff88,0x00000000ead80000)
  from space 1024K, 75% used [0x00000000ead80000,0x00000000eae40020,0x00000000eae80000)
  to   space 1024K, 0% used [0x00000000eae80000,0x00000000eae80000,0x00000000eaf80000)
 ParOldGen       total 93696K, used 85185K [0x00000000c0000000, 0x00000000c5b80000, 0x00000000eab00000)
  object space 93696K, 90% used [0x00000000c0000000,0x00000000c53307d0,0x00000000c5b80000)
 Metaspace       used 99222K, committed 100544K, reserved 1179648K
  class space    used 10112K, committed 10752K, reserved 1048576K
}
Event: 1371.581 GC heap after
{Heap after GC invocations=3927 (full 106):
 PSYoungGen      total 1536K, used 998K [0x00000000eab00000, 0x00000000eb380000, 0x0000000100000000)
  eden space 512K, 0% used [0x00000000eab00000,0x00000000eab00000,0x00000000eab80000)
  from space 1024K, 97% used [0x00000000eae80000,0x00000000eaf79a10,0x00000000eaf80000)
  to   space 3072K, 0% used [0x00000000eab80000,0x00000000eab80000,0x00000000eae80000)
 ParOldGen       total 93696K, used 86784K [0x00000000c0000000, 0x00000000c5b80000, 0x00000000eab00000)
  object space 93696K, 92% used [0x00000000c0000000,0x00000000c54c0298,0x00000000c5b80000)
 Metaspace       used 99222K, committed 100544K, reserved 1179648K
  class space    used 10112K, committed 10752K, reserved 1048576K
}
Event: 1371.582 GC heap before
{Heap before GC invocations=3928 (full 106):
 PSYoungGen      total 1536K, used 1510K [0x00000000eab00000, 0x00000000eb380000, 0x0000000100000000)
  eden space 512K, 99% used [0x00000000eab00000,0x00000000eab7ffc0,0x00000000eab80000)
  from space 1024K, 97% used [0x00000000eae80000,0x00000000eaf79a10,0x00000000eaf80000)
  to   space 3072K, 0% used [0x00000000eab80000,0x00000000eab80000,0x00000000eae80000)
 ParOldGen       total 93696K, used 86784K [0x00000000c0000000, 0x00000000c5b80000, 0x00000000eab00000)
  object space 93696K, 92% used [0x00000000c0000000,0x00000000c54c0298,0x00000000c5b80000)
 Metaspace       used 99222K, committed 100544K, reserved 1179648K
  class space    used 10112K, committed 10752K, reserved 1048576K
}
Event: 1371.583 GC heap after
{Heap after GC invocations=3928 (full 106):
 PSYoungGen      total 1024K, used 512K [0x00000000eab00000, 0x00000000eaf00000, 0x0000000100000000)
  eden space 512K, 0% used [0x00000000eab00000,0x00000000eab00000,0x00000000eab80000)
  from space 512K, 100% used [0x00000000eab80000,0x00000000eac00000,0x00000000eac00000)
  to   space 1536K, 0% used [0x00000000ead80000,0x00000000ead80000,0x00000000eaf00000)
 ParOldGen       total 93696K, used 87817K [0x00000000c0000000, 0x00000000c5b80000, 0x00000000eab00000)
  object space 93696K, 93% used [0x00000000c0000000,0x00000000c55c25a8,0x00000000c5b80000)
 Metaspace       used 99222K, committed 100544K, reserved 1179648K
  class space    used 10112K, committed 10752K, reserved 1048576K
}
Event: 1371.584 GC heap before
{Heap before GC invocations=3929 (full 106):
 PSYoungGen      total 1024K, used 1024K [0x00000000eab00000, 0x00000000eaf00000, 0x0000000100000000)
  eden space 512K, 100% used [0x00000000eab00000,0x00000000eab80000,0x00000000eab80000)
  from space 512K, 100% used [0x00000000eab80000,0x00000000eac00000,0x00000000eac00000)
  to   space 1536K, 0% used [0x00000000ead80000,0x00000000ead80000,0x00000000eaf00000)
 ParOldGen       total 93696K, used 87817K [0x00000000c0000000, 0x00000000c5b80000, 0x00000000eab00000)
  object space 93696K, 93% used [0x00000000c0000000,0x00000000c55c25a8,0x00000000c5b80000)
 Metaspace       used 99222K, committed 100544K, reserved 1179648K
  class space    used 10112K, committed 10752K, reserved 1048576K
}
Event: 1371.586 GC heap after
{Heap after GC invocations=3929 (full 106):
 PSYoungGen      total 2048K, used 608K [0x00000000eab00000, 0x00000000eae80000, 0x0000000100000000)
  eden space 1024K, 0% used [0x00000000eab00000,0x00000000eab00000,0x00000000eac00000)
  from space 1024K, 59% used [0x00000000ead80000,0x00000000eae18000,0x00000000eae80000)
  to   space 1024K, 0% used [0x00000000eac80000,0x00000000eac80000,0x00000000ead80000)
 ParOldGen       total 93696K, used 88281K [0x00000000c0000000, 0x00000000c5b80000, 0x00000000eab00000)
  object space 93696K, 94% used [0x00000000c0000000,0x00000000c56365a8,0x00000000c5b80000)
 Metaspace       used 99222K, committed 100544K, reserved 1179648K
  class space    used 10112K, committed 10752K, reserved 1048576K
}
Event: 1371.590 GC heap before
{Heap before GC invocations=3930 (full 106):
 PSYoungGen      total 2048K, used 1620K [0x00000000eab00000, 0x00000000eae80000, 0x0000000100000000)
  eden space 1024K, 98% used [0x00000000eab00000,0x00000000eabfd3e8,0x00000000eac00000)
  from space 1024K, 59% used [0x00000000ead80000,0x00000000eae18000,0x00000000eae80000)
  to   space 1024K, 0% used [0x00000000eac80000,0x00000000eac80000,0x00000000ead80000)
 ParOldGen       total 93696K, used 88281K [0x00000000c0000000, 0x00000000c5b80000, 0x00000000eab00000)
  object space 93696K, 94% used [0x00000000c0000000,0x00000000c56365a8,0x00000000c5b80000)
 Metaspace       used 99222K, committed 100544K, reserved 1179648K
  class space    used 10112K, committed 10752K, reserved 1048576K
}
Event: 1371.591 GC heap after
{Heap after GC invocations=3930 (full 106):
 PSYoungGen      total 2560K, used 1024K [0x00000000eab00000, 0x00000000eaf80000, 0x0000000100000000)
  eden space 1536K, 0% used [0x00000000eab00000,0x00000000eab00000,0x00000000eac80000)
  from space 1024K, 100% used [0x00000000eac80000,0x00000000ead80000,0x00000000ead80000)
  to   space 1536K, 0% used [0x00000000eae00000,0x00000000eae00000,0x00000000eaf80000)
 ParOldGen       total 93696K, used 88769K [0x00000000c0000000, 0x00000000c5b80000, 0x00000000eab00000)
  object space 93696K, 94% used [0x00000000c0000000,0x00000000c56b05a8,0x00000000c5b80000)
 Metaspace       used 99222K, committed 100544K, reserved 1179648K
  class space    used 10112K, committed 10752K, reserved 1048576K
}
Event: 1371.594 GC heap before
{Heap before GC invocations=3931 (full 106):
 PSYoungGen      total 2560K, used 2559K [0x00000000eab00000, 0x00000000eaf80000, 0x0000000100000000)
  eden space 1536K, 99% used [0x00000000eab00000,0x00000000eac7ff70,0x00000000eac80000)
  from space 1024K, 100% used [0x00000000eac80000,0x00000000ead80000,0x00000000ead80000)
  to   space 1536K, 0% used [0x00000000eae00000,0x00000000eae00000,0x00000000eaf80000)
 ParOldGen       total 93696K, used 88769K [0x00000000c0000000, 0x00000000c5b80000, 0x00000000eab00000)
  object space 93696K, 94% used [0x00000000c0000000,0x00000000c56b05a8,0x00000000c5b80000)
 Metaspace       used 99222K, committed 100544K, reserved 1179648K
  class space    used 10112K, committed 10752K, reserved 1048576K
}
Event: 1371.595 GC heap after
{Heap after GC invocations=3931 (full 106):
 PSYoungGen      total 3072K, used 1338K [0x00000000eab00000, 0x00000000eb000000, 0x0000000100000000)
  eden space 1536K, 0% used [0x00000000eab00000,0x00000000eab00000,0x00000000eac80000)
  from space 1536K, 87% used [0x00000000eae00000,0x00000000eaf4e9b0,0x00000000eaf80000)
  to   space 1536K, 0% used [0x00000000eac80000,0x00000000eac80000,0x00000000eae00000)
 ParOldGen       total 93696K, used 89729K [0x00000000c0000000, 0x00000000c5b80000, 0x00000000eab00000)
  object space 93696K, 95% used [0x00000000c0000000,0x00000000c57a05a8,0x00000000c5b80000)
 Metaspace       used 99222K, committed 100544K, reserved 1179648K
  class space    used 10112K, committed 10752K, reserved 1048576K
}
Event: 1371.600 GC heap before
{Heap before GC invocations=3932 (full 106):
 PSYoungGen      total 3072K, used 2874K [0x00000000eab00000, 0x00000000eb000000, 0x0000000100000000)
  eden space 1536K, 100% used [0x00000000eab00000,0x00000000eac80000,0x00000000eac80000)
  from space 1536K, 87% used [0x00000000eae00000,0x00000000eaf4e9b0,0x00000000eaf80000)
  to   space 1536K, 0% used [0x00000000eac80000,0x00000000eac80000,0x00000000eae00000)
 ParOldGen       total 93696K, used 89729K [0x00000000c0000000, 0x00000000c5b80000, 0x00000000eab00000)
  object space 93696K, 95% used [0x00000000c0000000,0x00000000c57a05a8,0x00000000c5b80000)
 Metaspace       used 99222K, committed 100544K, reserved 1179648K
  class space    used 10112K, committed 10752K, reserved 1048576K
}
Event: 1371.601 GC heap after
{Heap after GC invocations=3932 (full 106):
 PSYoungGen      total 3072K, used 1536K [0x00000000eab00000, 0x00000000eb300000, 0x0000000100000000)
  eden space 1536K, 0% used [0x00000000eab00000,0x00000000eab00000,0x00000000eac80000)
  from space 1536K, 100% used [0x00000000eac80000,0x00000000eae00000,0x00000000eae00000)
  to   space 3072K, 0% used [0x00000000eb000000,0x00000000eb000000,0x00000000eb300000)
 ParOldGen       total 93696K, used 90995K [0x00000000c0000000, 0x00000000c5b80000, 0x00000000eab00000)
  object space 93696K, 97% used [0x00000000c0000000,0x00000000c58dcf58,0x00000000c5b80000)
 Metaspace       used 99222K, committed 100544K, reserved 1179648K
  class space    used 10112K, committed 10752K, reserved 1048576K
}
Event: 1371.605 GC heap before
{Heap before GC invocations=3933 (full 106):
 PSYoungGen      total 3072K, used 3071K [0x00000000eab00000, 0x00000000eb300000, 0x0000000100000000)
  eden space 1536K, 99% used [0x00000000eab00000,0x00000000eac7ff28,0x00000000eac80000)
  from space 1536K, 100% used [0x00000000eac80000,0x00000000eae00000,0x00000000eae00000)
  to   space 3072K, 0% used [0x00000000eb000000,0x00000000eb000000,0x00000000eb300000)
 ParOldGen       total 93696K, used 90995K [0x00000000c0000000, 0x00000000c5b80000, 0x00000000eab00000)
  object space 93696K, 97% used [0x00000000c0000000,0x00000000c58dcf58,0x00000000c5b80000)
 Metaspace       used 99222K, committed 100544K, reserved 1179648K
  class space    used 10112K, committed 10752K, reserved 1048576K
}
Event: 1371.607 GC heap after
{Heap after GC invocations=3933 (full 106):
 PSYoungGen      total 4096K, used 1632K [0x00000000eab00000, 0x00000000eb200000, 0x0000000100000000)
  eden space 2048K, 0% used [0x00000000eab00000,0x00000000eab00000,0x00000000ead00000)
  from space 2048K, 79% used [0x00000000eb000000,0x00000000eb198000,0x00000000eb200000)
  to   space 2560K, 0% used [0x00000000ead00000,0x00000000ead00000,0x00000000eaf80000)
 ParOldGen       total 93696K, used 92483K [0x00000000c0000000, 0x00000000c5b80000, 0x00000000eab00000)
  object space 93696K, 98% used [0x00000000c0000000,0x00000000c5a50f58,0x00000000c5b80000)
 Metaspace       used 99222K, committed 100544K, reserved 1179648K
  class space    used 10112K, committed 10752K, reserved 1048576K
}
Event: 1371.607 GC heap before
{Heap before GC invocations=3934 (full 107):
 PSYoungGen      total 4096K, used 1632K [0x00000000eab00000, 0x00000000eb200000, 0x0000000100000000)
  eden space 2048K, 0% used [0x00000000eab00000,0x00000000eab00000,0x00000000ead00000)
  from space 2048K, 79% used [0x00000000eb000000,0x00000000eb198000,0x00000000eb200000)
  to   space 2560K, 0% used [0x00000000ead00000,0x00000000ead00000,0x00000000eaf80000)
 ParOldGen       total 93696K, used 92483K [0x00000000c0000000, 0x00000000c5b80000, 0x00000000eab00000)
  object space 93696K, 98% used [0x00000000c0000000,0x00000000c5a50f58,0x00000000c5b80000)
 Metaspace       used 99222K, committed 100544K, reserved 1179648K
  class space    used 10112K, committed 10752K, reserved 1048576K
}

Dll operation events (12 events):
Event: 0.043 Loaded shared library c:\Users\thamonuda\.vscode\extensions\redhat.java-1.32.0-win32-x64\jre\17.0.11-win32-x86_64\bin\java.dll
Event: 0.201 Loaded shared library c:\Users\thamonuda\.vscode\extensions\redhat.java-1.32.0-win32-x64\jre\17.0.11-win32-x86_64\bin\zip.dll
Event: 0.204 Loaded shared library C:\Users\thamonuda\.vscode\extensions\redhat.java-1.32.0-win32-x64\jre\17.0.11-win32-x86_64\bin\instrument.dll
Event: 0.218 Loaded shared library C:\Users\thamonuda\.vscode\extensions\redhat.java-1.32.0-win32-x64\jre\17.0.11-win32-x86_64\bin\net.dll
Event: 0.220 Loaded shared library C:\Users\thamonuda\.vscode\extensions\redhat.java-1.32.0-win32-x64\jre\17.0.11-win32-x86_64\bin\nio.dll
Event: 0.225 Loaded shared library C:\Users\thamonuda\.vscode\extensions\redhat.java-1.32.0-win32-x64\jre\17.0.11-win32-x86_64\bin\zip.dll
Event: 0.240 Loaded shared library C:\Users\thamonuda\.vscode\extensions\redhat.java-1.32.0-win32-x64\jre\17.0.11-win32-x86_64\bin\jimage.dll
Event: 0.299 Loaded shared library c:\Users\thamonuda\.vscode\extensions\redhat.java-1.32.0-win32-x64\jre\17.0.11-win32-x86_64\bin\verify.dll
Event: 8.414 Loaded shared library C:\Users\thamonuda\AppData\Roaming\Code\User\globalStorage\redhat.java\1.32.0\config_win\org.eclipse.equinox.launcher\org.eclipse.equinox.launcher.win32.win32.x86_64_1.2.1100.v20240613-2013\eclipse_11903.dll
Event: 17.702 Loaded shared library C:\Users\thamonuda\AppData\Local\Temp\jna-772352979\jna14411625489996123061.dll
Event: 363.294 Loaded shared library C:\Users\thamonuda\.vscode\extensions\redhat.java-1.32.0-win32-x64\jre\17.0.11-win32-x86_64\bin\sunmscapi.dll
Event: 363.769 Loaded shared library C:\Users\thamonuda\.vscode\extensions\redhat.java-1.32.0-win32-x64\jre\17.0.11-win32-x86_64\bin\extnet.dll

Deoptimization events (20 events):
Event: 1351.524 Thread 0x000002746ac0b110 Uncommon trap: trap_request=0xffffffde fr.pc=0x00000274512f37b4 relative=0x00000000000004f4
Event: 1351.524 Thread 0x000002746ac0b110 Uncommon trap: reason=class_check action=maybe_recompile pc=0x00000274512f37b4 method=org.eclipse.jdt.internal.compiler.ast.ASTNode.resolvePolyExpressionArguments0(Lorg/eclipse/jdt/internal/compiler/ast/Invocation;Lorg/eclipse/jdt/internal/compiler/lookup
Event: 1351.524 Thread 0x000002746ac0b110 DEOPT PACKING pc=0x00000274512f37b4 sp=0x000000d558afe6d0
Event: 1351.524 Thread 0x000002746ac0b110 DEOPT UNPACKING pc=0x00000274502166a3 sp=0x000000d558afe650 mode 2
Event: 1351.541 Thread 0x000002746ac0b110 Uncommon trap: trap_request=0xffffffde fr.pc=0x00000274509f60e4 relative=0x00000000000009e4
Event: 1351.541 Thread 0x000002746ac0b110 Uncommon trap: reason=class_check action=maybe_recompile pc=0x00000274509f60e4 method=org.eclipse.jdt.internal.compiler.lookup.ClassScope.buildMemberTypes(Lorg/eclipse/jdt/internal/compiler/env/AccessRestriction;)V @ 224 c2
Event: 1351.541 Thread 0x000002746ac0b110 DEOPT PACKING pc=0x00000274509f60e4 sp=0x000000d558afe100
Event: 1351.541 Thread 0x000002746ac0b110 DEOPT UNPACKING pc=0x00000274502166a3 sp=0x000000d558afe090 mode 2
Event: 1351.552 Thread 0x000002746ac0b110 Uncommon trap: trap_request=0xffffffde fr.pc=0x00000274512f37b4 relative=0x00000000000004f4
Event: 1351.552 Thread 0x000002746ac0b110 Uncommon trap: reason=class_check action=maybe_recompile pc=0x00000274512f37b4 method=org.eclipse.jdt.internal.compiler.ast.ASTNode.resolvePolyExpressionArguments0(Lorg/eclipse/jdt/internal/compiler/ast/Invocation;Lorg/eclipse/jdt/internal/compiler/lookup
Event: 1351.552 Thread 0x000002746ac0b110 DEOPT PACKING pc=0x00000274512f37b4 sp=0x000000d558afe790
Event: 1351.552 Thread 0x000002746ac0b110 DEOPT UNPACKING pc=0x00000274502166a3 sp=0x000000d558afe710 mode 2
Event: 1355.181 Thread 0x000002746ac0b110 Uncommon trap: trap_request=0xfffffff6 fr.pc=0x0000027451647e18 relative=0x0000000000000918
Event: 1355.181 Thread 0x000002746ac0b110 Uncommon trap: reason=null_check action=maybe_recompile pc=0x0000027451647e18 method=lombok.launch.PatchFixesHider$PatchFixes.isGenerated(Lorg/eclipse/jdt/core/dom/ASTNode;)Z @ 3 c2
Event: 1355.181 Thread 0x000002746ac0b110 DEOPT PACKING pc=0x0000027451647e18 sp=0x000000d558afe820
Event: 1355.181 Thread 0x000002746ac0b110 DEOPT UNPACKING pc=0x00000274502166a3 sp=0x000000d558afe7d8 mode 2
Event: 1355.558 Thread 0x000002746ac0b110 DEOPT PACKING pc=0x0000027448dccb07 sp=0x000000d558afe170
Event: 1355.558 Thread 0x000002746ac0b110 DEOPT UNPACKING pc=0x0000027450216e43 sp=0x000000d558afd698 mode 0
Event: 1366.858 Thread 0x000002746ac0b620 DEOPT PACKING pc=0x000002744b24958b sp=0x000000d5588fd780
Event: 1366.858 Thread 0x000002746ac0b620 DEOPT UNPACKING pc=0x0000027450216e43 sp=0x000000d5588fce18 mode 0

Classes unloaded (20 events):
Event: 1087.438 Thread 0x000002745f140c20 Unloading class 0x000000010084f400 'java/lang/invoke/LambdaForm$MH+0x000000010084f400'
Event: 1087.438 Thread 0x000002745f140c20 Unloading class 0x000000010084f000 'java/lang/invoke/LambdaForm$MH+0x000000010084f000'
Event: 1087.438 Thread 0x000002745f140c20 Unloading class 0x000000010084ec00 'java/lang/invoke/LambdaForm$MH+0x000000010084ec00'
Event: 1087.438 Thread 0x000002745f140c20 Unloading class 0x000000010084e400 'java/lang/invoke/LambdaForm$MH+0x000000010084e400'
Event: 1087.438 Thread 0x000002745f140c20 Unloading class 0x000000010084e000 'java/lang/invoke/LambdaForm$MH+0x000000010084e000'
Event: 1087.438 Thread 0x000002745f140c20 Unloading class 0x000000010084dc00 'java/lang/invoke/LambdaForm$MH+0x000000010084dc00'
Event: 1087.438 Thread 0x000002745f140c20 Unloading class 0x000000010084d800 'java/lang/invoke/LambdaForm$MH+0x000000010084d800'
Event: 1087.438 Thread 0x000002745f140c20 Unloading class 0x000000010084d400 'java/lang/invoke/LambdaForm$MH+0x000000010084d400'
Event: 1087.438 Thread 0x000002745f140c20 Unloading class 0x000000010084d000 'java/lang/invoke/LambdaForm$MH+0x000000010084d000'
Event: 1087.438 Thread 0x000002745f140c20 Unloading class 0x000000010084cc00 'java/lang/invoke/LambdaForm$MH+0x000000010084cc00'
Event: 1087.438 Thread 0x000002745f140c20 Unloading class 0x000000010084c800 'java/lang/invoke/LambdaForm$MH+0x000000010084c800'
Event: 1087.438 Thread 0x000002745f140c20 Unloading class 0x000000010084c400 'java/lang/invoke/LambdaForm$MH+0x000000010084c400'
Event: 1087.438 Thread 0x000002745f140c20 Unloading class 0x000000010084c000 'java/lang/invoke/LambdaForm$MH+0x000000010084c000'
Event: 1087.438 Thread 0x000002745f140c20 Unloading class 0x00000001001b1c00 'java/lang/invoke/LambdaForm$MH+0x00000001001b1c00'
Event: 1087.438 Thread 0x000002745f140c20 Unloading class 0x00000001001b1800 'java/lang/invoke/LambdaForm$MH+0x00000001001b1800'
Event: 1087.438 Thread 0x000002745f140c20 Unloading class 0x00000001001b1400 'java/lang/invoke/LambdaForm$MH+0x00000001001b1400'
Event: 1087.438 Thread 0x000002745f140c20 Unloading class 0x00000001001b1000 'java/lang/invoke/LambdaForm$MH+0x00000001001b1000'
Event: 1087.438 Thread 0x000002745f140c20 Unloading class 0x00000001001b0c00 'java/lang/invoke/LambdaForm$MH+0x00000001001b0c00'
Event: 1087.438 Thread 0x000002745f140c20 Unloading class 0x00000001001b0800 'java/lang/invoke/LambdaForm$MH+0x00000001001b0800'
Event: 1087.438 Thread 0x000002745f140c20 Unloading class 0x00000001001b0400 'java/lang/invoke/LambdaForm$MH+0x00000001001b0400'

Classes redefined (0 events):
No events

Internal exceptions (20 events):
Event: 1301.099 Thread 0x0000027461e88b80 Exception <a 'sun/nio/fs/WindowsException'{0x00000000ead55bd8}> (0x00000000ead55bd8) 
thrown [s\src\hotspot\share\prims\jni.cpp, line 516]
Event: 1301.125 Thread 0x0000027461e88b80 Implicit null exception at 0x00000274515e1500 to 0x00000274515e2318
Event: 1301.199 Thread 0x0000027461e853d0 Exception <a 'java/io/FileNotFoundException'{0x00000000eabbb388}> (0x00000000eabbb388) 
thrown [s\src\hotspot\share\prims\jni.cpp, line 516]
Event: 1301.396 Thread 0x0000027461e853d0 Exception <a 'java/lang/NoSuchMethodError'{0x00000000eab61c10}: 'java.lang.Object java.lang.invoke.DirectMethodHandle$Holder.invokeVirtual(java.lang.Object, java.lang.Object, java.lang.Object, java.lang.Object)'> (0x00000000eab61c10) 
thrown [s\src\hotspot\share\interpreter\linkResolver.cpp, line 759]
Event: 1301.448 Thread 0x00000274609cc6c0 Exception <a 'java/lang/NoSuchMethodError'{0x00000000eab962b0}: 'java.lang.Object java.lang.invoke.DirectMethodHandle$Holder.invokeStatic(java.lang.Object, long, java.lang.Object, java.lang.Object)'> (0x00000000eab962b0) 
thrown [s\src\hotspot\share\interpreter\linkResolver.cpp, line 759]
Event: 1301.449 Thread 0x00000274609cc6c0 Exception <a 'java/lang/NoSuchMethodError'{0x00000000eab9d0c0}: 'java.lang.Object java.lang.invoke.DirectMethodHandle$Holder.newInvokeSpecial(java.lang.Object, long)'> (0x00000000eab9d0c0) 
thrown [s\src\hotspot\share\interpreter\linkResolver.cpp, line 759]
Event: 1301.466 Thread 0x00000274609cc6c0 Exception <a 'sun/nio/fs/WindowsException'{0x00000000eac4b5d0}> (0x00000000eac4b5d0) 
thrown [s\src\hotspot\share\prims\jni.cpp, line 516]
Event: 1301.466 Thread 0x00000274609cc6c0 Exception <a 'sun/nio/fs/WindowsException'{0x00000000eac4b8c0}> (0x00000000eac4b8c0) 
thrown [s\src\hotspot\share\prims\jni.cpp, line 516]
Event: 1301.466 Thread 0x00000274609cc6c0 Exception <a 'sun/nio/fs/WindowsException'{0x00000000eac4ce90}> (0x00000000eac4ce90) 
thrown [s\src\hotspot\share\prims\jni.cpp, line 516]
Event: 1301.466 Thread 0x00000274609cc6c0 Exception <a 'sun/nio/fs/WindowsException'{0x00000000eac4d180}> (0x00000000eac4d180) 
thrown [s\src\hotspot\share\prims\jni.cpp, line 516]
Event: 1328.644 Thread 0x000002746ac0b110 Exception <a 'java/lang/NoSuchMethodError'{0x00000000eac78d00}: 'java.lang.Object java.lang.invoke.DirectMethodHandle$Holder.invokeSpecial(java.lang.Object, java.lang.Object, java.lang.Object, int, int)'> (0x00000000eac78d00) 
thrown [s\src\hotspot\share\interpreter\linkResolver.cpp, line 759]
Event: 1328.644 Thread 0x000002746ac0b110 Exception <a 'java/lang/NoSuchMethodError'{0x00000000eac7c808}: 'java.lang.Object java.lang.invoke.Invokers$Holder.linkToTargetMethod(java.lang.Object, int, int, java.lang.Object)'> (0x00000000eac7c808) 
thrown [s\src\hotspot\share\interpreter\linkResolver.cpp, line 759]
Event: 1328.663 Thread 0x000002746ac0b110 Exception <a 'java/lang/NoSuchMethodError'{0x00000000eabff208}: 'int java.lang.invoke.DirectMethodHandle$Holder.invokeSpecial(java.lang.Object, java.lang.Object, java.lang.Object, java.lang.Object, java.lang.Object)'> (0x00000000eabff208) 
thrown [s\src\hotspot\share\interpreter\linkResolver.cpp, line 759]
Event: 1329.242 Thread 0x000002746ac0b110 Implicit null exception at 0x0000027450e95d54 to 0x0000027450e96408
Event: 1348.806 Thread 0x000002746ac0b110 Implicit null exception at 0x0000027450f2204e to 0x0000027450f222bc
Event: 1348.916 Thread 0x000002746ac0b110 Exception <a 'java/lang/ClassNotFoundException'{0x00000000ead17d38}: sun/net/www/protocol/jdt/Handler> (0x00000000ead17d38) 
thrown [s\src\hotspot\share\classfile\systemDictionary.cpp, line 256]
Event: 1348.916 Thread 0x000002746ac0b110 Exception <a 'java/lang/ClassNotFoundException'{0x00000000ead1b8f0}: sun/net/www/protocol/jdt/Handler> (0x00000000ead1b8f0) 
thrown [s\src\hotspot\share\classfile\systemDictionary.cpp, line 256]
Event: 1351.546 Thread 0x000002746ac0b110 Exception <a 'java/lang/ClassNotFoundException'{0x00000000eadafb18}: sun/net/www/protocol/jdt/Handler> (0x00000000eadafb18) 
thrown [s\src\hotspot\share\classfile\systemDictionary.cpp, line 256]
Event: 1351.547 Thread 0x000002746ac0b110 Exception <a 'java/lang/ClassNotFoundException'{0x00000000eadc3940}: sun/net/www/protocol/jdt/Handler> (0x00000000eadc3940) 
thrown [s\src\hotspot\share\classfile\systemDictionary.cpp, line 256]
Event: 1355.181 Thread 0x000002746ac0b110 Implicit null exception at 0x000002745164750f to 0x0000027451647e0c

VM Operations (20 events):
Event: 1369.930 Executing VM operation: ParallelGCFailedAllocation done
Event: 1371.170 Executing VM operation: ParallelGCFailedAllocation
Event: 1371.171 Executing VM operation: ParallelGCFailedAllocation done
Event: 1371.473 Executing VM operation: ParallelGCFailedAllocation
Event: 1371.474 Executing VM operation: ParallelGCFailedAllocation done
Event: 1371.572 Executing VM operation: ParallelGCFailedAllocation
Event: 1371.573 Executing VM operation: ParallelGCFailedAllocation done
Event: 1371.579 Executing VM operation: ParallelGCFailedAllocation
Event: 1371.581 Executing VM operation: ParallelGCFailedAllocation done
Event: 1371.582 Executing VM operation: ParallelGCFailedAllocation
Event: 1371.583 Executing VM operation: ParallelGCFailedAllocation done
Event: 1371.584 Executing VM operation: ParallelGCFailedAllocation
Event: 1371.586 Executing VM operation: ParallelGCFailedAllocation done
Event: 1371.590 Executing VM operation: ParallelGCFailedAllocation
Event: 1371.591 Executing VM operation: ParallelGCFailedAllocation done
Event: 1371.594 Executing VM operation: ParallelGCFailedAllocation
Event: 1371.595 Executing VM operation: ParallelGCFailedAllocation done
Event: 1371.600 Executing VM operation: ParallelGCFailedAllocation
Event: 1371.601 Executing VM operation: ParallelGCFailedAllocation done
Event: 1371.605 Executing VM operation: ParallelGCFailedAllocation

Events (20 events):
Event: 1329.319 Thread 0x000002745f18f150 flushing nmethod 0x000002744aa4c790
Event: 1329.319 Thread 0x000002745f18f150 flushing nmethod 0x000002744aa5b590
Event: 1329.320 Thread 0x000002745f18f150 flushing nmethod 0x000002744ab38190
Event: 1329.320 Thread 0x000002745f18f150 flushing nmethod 0x000002744ab9ac10
Event: 1329.321 Thread 0x000002745f18f150 flushing nmethod 0x000002744acdbd90
Event: 1329.321 Thread 0x000002745f18f150 flushing nmethod 0x000002744ad57290
Event: 1329.322 Thread 0x000002745f18f150 flushing nmethod 0x000002744ae06110
Event: 1329.322 Thread 0x000002745f18f150 flushing nmethod 0x000002744aeed690
Event: 1329.751 Thread 0x000002746d772d30 Thread exited: 0x000002746d772d30
Event: 1331.005 Thread 0x000002746d76f810 Thread exited: 0x000002746d76f810
Event: 1331.638 Thread 0x00000274609cb280 Thread exited: 0x00000274609cb280
Event: 1331.638 Thread 0x00000274609ccbd0 Thread exited: 0x00000274609ccbd0
Event: 1331.638 Thread 0x00000274609cc6c0 Thread exited: 0x00000274609cc6c0
Event: 1338.320 Thread 0x0000027461e853d0 Thread exited: 0x0000027461e853d0
Event: 1348.784 Thread 0x00000274609cb280 Thread added: 0x00000274609cb280
Event: 1348.784 Thread 0x00000274609cb280 Thread exited: 0x00000274609cb280
Event: 1353.405 Thread 0x0000027461e895a0 Thread exited: 0x0000027461e895a0
Event: 1361.197 Thread 0x000002745f18f150 flushing nmethod 0x000002744a645590
Event: 1361.199 Thread 0x000002745f18f150 flushing nmethod 0x000002744aa5a910
Event: 1368.129 Thread 0x00000274609cd0e0 Thread exited: 0x00000274609cd0e0


Dynamic libraries:
0x00007ff77f1b0000 - 0x00007ff77f1be000 	c:\Users\thamonuda\.vscode\extensions\redhat.java-1.32.0-win32-x64\jre\17.0.11-win32-x86_64\bin\java.exe
0x00007ffb742f0000 - 0x00007ffb744e8000 	C:\Windows\SYSTEM32\ntdll.dll
0x00007ffb741f0000 - 0x00007ffb742ad000 	C:\Windows\System32\KERNEL32.DLL
0x00007ffb71b00000 - 0x00007ffb71df6000 	C:\Windows\System32\KERNELBASE.dll
0x00007ffb72040000 - 0x00007ffb72140000 	C:\Windows\System32\ucrtbase.dll
0x00007ffb4c000000 - 0x00007ffb4c017000 	c:\Users\thamonuda\.vscode\extensions\redhat.java-1.32.0-win32-x64\jre\17.0.11-win32-x86_64\bin\jli.dll
0x00007ffb4bfc0000 - 0x00007ffb4bfdb000 	c:\Users\thamonuda\.vscode\extensions\redhat.java-1.32.0-win32-x64\jre\17.0.11-win32-x86_64\bin\VCRUNTIME140.dll
0x00007ffb73400000 - 0x00007ffb7359f000 	C:\Windows\System32\USER32.dll
0x00007ffb70d10000 - 0x00007ffb70faa000 	C:\Windows\WinSxS\amd64_microsoft.windows.common-controls_6595b64144ccf1df_6.0.19041.4355_none_60b8b9eb71f62e16\COMCTL32.dll
0x00007ffb71e00000 - 0x00007ffb71e22000 	C:\Windows\System32\win32u.dll
0x00007ffb72d20000 - 0x00007ffb72dbe000 	C:\Windows\System32\msvcrt.dll
0x00007ffb73610000 - 0x00007ffb7363b000 	C:\Windows\System32\GDI32.dll
0x00007ffb719b0000 - 0x00007ffb71ac7000 	C:\Windows\System32\gdi32full.dll
0x00007ffb721d0000 - 0x00007ffb7226d000 	C:\Windows\System32\msvcp_win.dll
0x00007ffb72af0000 - 0x00007ffb72b1f000 	C:\Windows\System32\IMM32.DLL
0x00007ffb64170000 - 0x00007ffb6417c000 	c:\Users\thamonuda\.vscode\extensions\redhat.java-1.32.0-win32-x64\jre\17.0.11-win32-x86_64\bin\vcruntime140_1.dll
0x00007ffb35b90000 - 0x00007ffb35c1d000 	c:\Users\thamonuda\.vscode\extensions\redhat.java-1.32.0-win32-x64\jre\17.0.11-win32-x86_64\bin\msvcp140.dll
0x00007ffb21230000 - 0x00007ffb21e92000 	c:\Users\thamonuda\.vscode\extensions\redhat.java-1.32.0-win32-x64\jre\17.0.11-win32-x86_64\bin\server\jvm.dll
0x00007ffb72a40000 - 0x00007ffb72af0000 	C:\Windows\System32\ADVAPI32.dll
0x00007ffb73640000 - 0x00007ffb736e0000 	C:\Windows\System32\sechost.dll
0x00007ffb72e60000 - 0x00007ffb72f83000 	C:\Windows\System32\RPCRT4.dll
0x00007ffb71ad0000 - 0x00007ffb71af7000 	C:\Windows\System32\bcrypt.dll
0x00007ffb64080000 - 0x00007ffb64089000 	C:\Windows\SYSTEM32\WSOCK32.dll
0x00007ffb71800000 - 0x00007ffb7184b000 	C:\Windows\SYSTEM32\POWRPROF.dll
0x00007ffb58380000 - 0x00007ffb583a7000 	C:\Windows\SYSTEM32\WINMM.dll
0x00007ffb74170000 - 0x00007ffb741db000 	C:\Windows\System32\WS2_32.dll
0x00007ffb65110000 - 0x00007ffb6511a000 	C:\Windows\SYSTEM32\VERSION.dll
0x00007ffb717e0000 - 0x00007ffb717f2000 	C:\Windows\SYSTEM32\UMPDC.dll
0x00007ffb6f3a0000 - 0x00007ffb6f3b2000 	C:\Windows\SYSTEM32\kernel.appcore.dll
0x00007ffb59620000 - 0x00007ffb5962a000 	c:\Users\thamonuda\.vscode\extensions\redhat.java-1.32.0-win32-x64\jre\17.0.11-win32-x86_64\bin\jimage.dll
0x00007ffb71100000 - 0x00007ffb712e4000 	C:\Windows\SYSTEM32\DBGHELP.DLL
0x00007ffb710a0000 - 0x00007ffb710d4000 	C:\Windows\SYSTEM32\dbgcore.DLL
0x00007ffb72140000 - 0x00007ffb721c2000 	C:\Windows\System32\bcryptPrimitives.dll
0x00007ffb56620000 - 0x00007ffb5662e000 	c:\Users\thamonuda\.vscode\extensions\redhat.java-1.32.0-win32-x64\jre\17.0.11-win32-x86_64\bin\instrument.dll
0x00007ffb4bc50000 - 0x00007ffb4bc75000 	c:\Users\thamonuda\.vscode\extensions\redhat.java-1.32.0-win32-x64\jre\17.0.11-win32-x86_64\bin\java.dll
0x00007ffb4be60000 - 0x00007ffb4be78000 	c:\Users\thamonuda\.vscode\extensions\redhat.java-1.32.0-win32-x64\jre\17.0.11-win32-x86_64\bin\zip.dll
0x00007ffb73900000 - 0x00007ffb7406c000 	C:\Windows\System32\SHELL32.dll
0x00007ffb6f3c0000 - 0x00007ffb6fb5d000 	C:\Windows\SYSTEM32\windows.storage.dll
0x00007ffb72450000 - 0x00007ffb727a3000 	C:\Windows\System32\combase.dll
0x00007ffb70c70000 - 0x00007ffb70c9e000 	C:\Windows\SYSTEM32\Wldp.dll
0x00007ffb72c50000 - 0x00007ffb72d1d000 	C:\Windows\System32\OLEAUT32.dll
0x00007ffb73850000 - 0x00007ffb738fd000 	C:\Windows\System32\SHCORE.dll
0x00007ffb737f0000 - 0x00007ffb73845000 	C:\Windows\System32\shlwapi.dll
0x00007ffb718e0000 - 0x00007ffb71904000 	C:\Windows\SYSTEM32\profapi.dll
0x00007ffb4bc90000 - 0x00007ffb4bca9000 	C:\Users\thamonuda\.vscode\extensions\redhat.java-1.32.0-win32-x64\jre\17.0.11-win32-x86_64\bin\net.dll
0x00007ffb67110000 - 0x00007ffb6721a000 	C:\Windows\SYSTEM32\WINHTTP.dll
0x00007ffb70b40000 - 0x00007ffb70baa000 	C:\Windows\system32\mswsock.dll
0x00007ffb468c0000 - 0x00007ffb468d6000 	C:\Users\thamonuda\.vscode\extensions\redhat.java-1.32.0-win32-x64\jre\17.0.11-win32-x86_64\bin\nio.dll
0x00007ffb53c00000 - 0x00007ffb53c10000 	c:\Users\thamonuda\.vscode\extensions\redhat.java-1.32.0-win32-x64\jre\17.0.11-win32-x86_64\bin\verify.dll
0x00007ffb344a0000 - 0x00007ffb344e4000 	C:\Users\thamonuda\AppData\Roaming\Code\User\globalStorage\redhat.java\1.32.0\config_win\org.eclipse.equinox.launcher\org.eclipse.equinox.launcher.win32.win32.x86_64_1.2.1100.v20240613-2013\eclipse_11903.dll
0x00007ffb72b20000 - 0x00007ffb72c4b000 	C:\Windows\System32\ole32.dll
0x00007ffb71640000 - 0x00007ffb71658000 	C:\Windows\SYSTEM32\CRYPTSP.dll
0x00007ffb70350000 - 0x00007ffb70384000 	C:\Windows\system32\rsaenh.dll
0x00007ffb71850000 - 0x00007ffb7187e000 	C:\Windows\SYSTEM32\USERENV.dll
0x00007ffb70c30000 - 0x00007ffb70c3c000 	C:\Windows\SYSTEM32\CRYPTBASE.dll
0x00007ffb706b0000 - 0x00007ffb706eb000 	C:\Windows\SYSTEM32\IPHLPAPI.DLL
0x00007ffb741e0000 - 0x00007ffb741e8000 	C:\Windows\System32\NSI.dll
0x00007ffb67730000 - 0x00007ffb67747000 	C:\Windows\SYSTEM32\dhcpcsvc6.DLL
0x00007ffb67c90000 - 0x00007ffb67cad000 	C:\Windows\SYSTEM32\dhcpcsvc.DLL
0x00007ffb706f0000 - 0x00007ffb707ba000 	C:\Windows\SYSTEM32\DNSAPI.dll
0x00007ffb4bef0000 - 0x00007ffb4bf35000 	C:\Users\thamonuda\AppData\Local\Temp\jna-772352979\jna14411625489996123061.dll
0x00007ffb73600000 - 0x00007ffb73608000 	C:\Windows\System32\PSAPI.DLL
0x00007ffb6be30000 - 0x00007ffb6be3e000 	C:\Users\thamonuda\.vscode\extensions\redhat.java-1.32.0-win32-x64\jre\17.0.11-win32-x86_64\bin\sunmscapi.dll
0x00007ffb71ee0000 - 0x00007ffb7203e000 	C:\Windows\System32\CRYPT32.dll
0x00007ffb70ce0000 - 0x00007ffb70d09000 	C:\Windows\SYSTEM32\ncrypt.dll
0x00007ffb70ca0000 - 0x00007ffb70cdb000 	C:\Windows\SYSTEM32\NTASN1.dll
0x00007ffb5c070000 - 0x00007ffb5c07a000 	C:\Windows\System32\rasadhlp.dll
0x00007ffb5cd80000 - 0x00007ffb5ce00000 	C:\Windows\System32\fwpuclnt.dll
0x00007ffb6d840000 - 0x00007ffb6d849000 	C:\Users\thamonuda\.vscode\extensions\redhat.java-1.32.0-win32-x64\jre\17.0.11-win32-x86_64\bin\extnet.dll
0x00007ffb6ba20000 - 0x00007ffb6ba27000 	C:\Windows\system32\wshunix.dll

dbghelp: loaded successfully - version: 4.0.5 - missing functions: none
symbol engine: initialized successfully - sym options: 0x614 - pdb path: .;c:\Users\thamonuda\.vscode\extensions\redhat.java-1.32.0-win32-x64\jre\17.0.11-win32-x86_64\bin;C:\Windows\SYSTEM32;C:\Windows\WinSxS\amd64_microsoft.windows.common-controls_6595b64144ccf1df_6.0.19041.4355_none_60b8b9eb71f62e16;c:\Users\thamonuda\.vscode\extensions\redhat.java-1.32.0-win32-x64\jre\17.0.11-win32-x86_64\bin\server;C:\Users\thamonuda\AppData\Roaming\Code\User\globalStorage\redhat.java\1.32.0\config_win\org.eclipse.equinox.launcher\org.eclipse.equinox.launcher.win32.win32.x86_64_1.2.1100.v20240613-2013;C:\Users\thamonuda\AppData\Local\Temp\jna-772352979

VM Arguments:
jvm_args: --add-modules=ALL-SYSTEM --add-opens=java.base/java.util=ALL-UNNAMED --add-opens=java.base/java.lang=ALL-UNNAMED --add-opens=java.base/sun.nio.fs=ALL-UNNAMED -Declipse.application=org.eclipse.jdt.ls.core.id1 -Dosgi.bundles.defaultStartLevel=4 -Declipse.product=org.eclipse.jdt.ls.core.product -Djava.import.generatesMetadataFilesAtProjectRoot=false -DDetectVMInstallationsJob.disabled=true -Dfile.encoding=utf8 -XX:+UseParallelGC -XX:GCTimeRatio=4 -XX:AdaptiveSizePolicyWeight=90 -Dsun.zip.disableMemoryMapping=true -Xmx1G -Xms100m -Xlog:disable -javaagent:c:\Users\thamonuda\.vscode\extensions\redhat.java-1.32.0-win32-x64\lombok\lombok-1.18.33.jar -XX:+HeapDumpOnOutOfMemoryError -XX:HeapDumpPath=c:\Users\thamonuda\AppData\Roaming\Code\User\workspaceStorage\83c9ffc77e204da105a8394697f096d6\redhat.java -Daether.dependencyCollector.impl=bf 
java_command: c:\Users\thamonuda\.vscode\extensions\redhat.java-1.32.0-win32-x64\server\plugins\org.eclipse.equinox.launcher_1.6.900.v20240613-2009.jar -configuration c:\Users\thamonuda\AppData\Roaming\Code\User\globalStorage\redhat.java\1.32.0\config_win -data c:\Users\thamonuda\AppData\Roaming\Code\User\workspaceStorage\83c9ffc77e204da105a8394697f096d6\redhat.java\jdt_ws --pipe=\\.\pipe\lsp-b784cea4f749261cf1a4ab9ff3dd88fd-sock
java_class_path (initial): c:\Users\thamonuda\.vscode\extensions\redhat.java-1.32.0-win32-x64\server\plugins\org.eclipse.equinox.launcher_1.6.900.v20240613-2009.jar
Launcher Type: SUN_STANDARD

[Global flags]
    uintx AdaptiveSizePolicyWeight                 = 90                                        {product} {command line}
     intx CICompilerCount                          = 4                                         {product} {ergonomic}
    uintx GCTimeRatio                              = 4                                         {product} {command line}
     bool HeapDumpOnOutOfMemoryError               = true                                   {manageable} {command line}
    ccstr HeapDumpPath                             = c:\Users\thamonuda\AppData\Roaming\Code\User\workspaceStorage\83c9ffc77e204da105a8394697f096d6\redhat.java         {manageable} {command line}
   size_t InitialHeapSize                          = 104857600                                 {product} {command line}
   size_t MaxHeapSize                              = 1073741824                                {product} {command line}
   size_t MaxNewSize                               = 357564416                                 {product} {ergonomic}
   size_t MinHeapDeltaBytes                        = 524288                                    {product} {ergonomic}
   size_t MinHeapSize                              = 104857600                                 {product} {command line}
   size_t NewSize                                  = 34603008                                  {product} {ergonomic}
    uintx NonNMethodCodeHeapSize                   = 5839372                                {pd product} {ergonomic}
    uintx NonProfiledCodeHeapSize                  = 122909434                              {pd product} {ergonomic}
   size_t OldSize                                  = 70254592                                  {product} {ergonomic}
    uintx ProfiledCodeHeapSize                     = 122909434                              {pd product} {ergonomic}
    uintx ReservedCodeCacheSize                    = 251658240                              {pd product} {ergonomic}
     bool SegmentedCodeCache                       = true                                      {product} {ergonomic}
   size_t SoftMaxHeapSize                          = 1073741824                             {manageable} {ergonomic}
     bool UseCompressedClassPointers               = true                           {product lp64_product} {ergonomic}
     bool UseCompressedOops                        = true                           {product lp64_product} {ergonomic}
     bool UseLargePagesIndividualAllocation        = false                                  {pd product} {ergonomic}
     bool UseParallelGC                            = true                                      {product} {command line}

Logging:
Log output configuration:
 #0: stdout all=off uptime,level,tags
 #1: stderr all=off uptime,level,tags

Environment Variables:
JAVA_HOME=C:\Program Files\Java\jdk-17
PATH=C:\Program Files\Common Files\Oracle\Java\javapath;C:\Windows\system32;C:\Windows;C:\Windows\System32\Wbem;C:\Windows\System32\WindowsPowerShell\v1.0\;C:\Windows\System32\OpenSSH\;C:\Program Files\MySQL\MySQL Server 8.0\bin;C:\maven\apache-maven-3.9.8\bin;C:\Program Files\Git\cmd;C:\Program Files\MySQL\MySQL Shell 8.0\bin\;C:\Users\thamonuda\AppData\Local\Microsoft\WindowsApps;C:\Users\thamonuda\AppData\Local\Programs\Microsoft VS Code\bin
USERNAME=thamonuda
OS=Windows_NT
PROCESSOR_IDENTIFIER=Intel64 Family 6 Model 142 Stepping 10, GenuineIntel
TMP=C:\Users\THAMON~1\AppData\Local\Temp
TEMP=C:\Users\THAMON~1\AppData\Local\Temp



Periodic native trim disabled


---------------  S Y S T E M  ---------------

OS:
 Windows 10 , 64 bit Build 19041 (10.0.19041.3636)
OS uptime: 5 days 3:54 hours

CPU: total 8 (initial active 8) (4 cores per cpu, 2 threads per core) family 6 model 142 stepping 10 microcode 0xf0, cx8, cmov, fxsr, ht, mmx, 3dnowpref, sse, sse2, sse3, ssse3, sse4.1, sse4.2, popcnt, lzcnt, tsc, tscinvbit, avx, avx2, aes, erms, clmul, bmi1, bmi2, adx, fma, vzeroupper, clflush, clflushopt
Processor Information for all 8 processors :
  Max Mhz: 1800, Current Mhz: 1600, Mhz Limit: 1584

Memory: 4k page, system-wide physical 8083M (957M free)
TotalPageFile size 20883M (AvailPageFile size 6670M)
current process WorkingSet (physical memory assigned to process): 400M, peak: 426M
current process commit charge ("private bytes"): 424M, peak: 451M

vm_info: OpenJDK 64-Bit Server VM (17.0.11+9) for windows-amd64 JRE (17.0.11+9), built on Apr 17 2024 06:07:48 by "admin" with MS VC++ 16.10 / 16.11 (VS2019)

END.
